<?xml version="1.0" encoding="UTF-8"?>
<!-- Generated by org.testng.reporters.JUnitXMLReporter -->
<testsuite ignored="0" hostname="Swapnil" failures="0" tests="3" name="Test" time="27.911" errors="0" timestamp="2024-12-21T01:51:26 IST">
  <testcase classname="com.firstCryTestLayerPackage.HomePageTesting" name="verifyingHomePageOperations" time="9.608"/>
  <testcase classname="com.firstCryTestLayerPackage.ProductPageTest" name="verifyingProductPageOperations" time="15.628"/>
  <testcase classname="com.firstCryTestLayerPackage.CartPageTest" name="verifyingCartClassOperations" time="2.623"/>
</testsuite> <!-- Test -->
